euler01.engr.wisc.edu
-0.286046
-5.37733
Total time: 0.008371ms
0.624045
3.08832
Total time: 0.01299ms
0.0324787
-38.0284
Total time: 0.022821ms
-0.309837
-17.4402
Total time: 0.042791ms
-0.411415
115.416
Total time: 0.086452ms
-0.94379
49.013
Total time: 0.171892ms
-0.312031
-277.325
Total time: 0.344864ms
-0.328454
-71.973
Total time: 0.702669ms
-0.777973
-13.0541
Total time: 1.36786ms
0.23268
-190.443
Total time: 2.78503ms
-0.205058
-714.172
Total time: 6.04481ms
0.294932
769.458
Total time: 11.4068ms
0.6306
947.644
Total time: 22.4418ms
-0.49082
-660.033
Total time: 44.8157ms
0.0528072
-693.193
Total time: 89.8537ms
-0.722745
-2142.91
Total time: 179.206ms
0.858694
2535
Total time: 354.999ms
0.116651
20056.3
Total time: 707.263ms
-0.493515
-588.234
Total time: 1490.14ms
0.693544
9705.31
Total time: 9861.1ms
0.459248
-14602.7
Total time: 21613.3ms
