euler04.engr.wisc.edu
1024
281.387
Total time: 525.913ms
1024
25.2544
Total time: 264.791ms
1024
-851.371
Total time: 179.897ms
1024
-1720.7
Total time: 133.034ms
1024
-1071.1
Total time: 107.292ms
1024
191.921
Total time: 88.8792ms
1024
-873.619
Total time: 77.0093ms
1024
-1687.11
Total time: 67.2798ms
1024
414.037
Total time: 62.4526ms
1024
-1382.98
Total time: 101.797ms
1024
345.897
Total time: 94.3979ms
1024
1575.86
Total time: 89.6971ms
1024
-336.378
Total time: 82.9149ms
1024
167.648
Total time: 77.4506ms
1024
1370.71
Total time: 72.5077ms
1024
1392.46
Total time: 67.8616ms
1024
1406.74
Total time: 65.1094ms
1024
1506.84
Total time: 86.6931ms
1024
-582.543
Total time: 84.4222ms
1024
-716.684
Total time: 101.507ms